<?xml version="1.0" encoding="UTF-8"?>
<!-- Generated by org.testng.reporters.JUnitXMLReporter -->
<testsuite ignored="0" hostname="AlexeySobolev-MBP" failures="0" tests="3" name="Default test" time="74.689" errors="0" timestamp="2024-03-20T13:29:24 CET">
  <testcase classname="tests.RZDTrainTests" name="searchTicketsJune" time="17.587"/>
  <testcase classname="tests.RZDTrainTests" name="searchTicketsJuneDirectionBack" time="12.682"/>
  <testcase classname="tests.RZDTrainTests" name="searchTicketsJuneOneDirectionA" time="32.664"/>
</testsuite> <!-- Default test -->
