<?xml version="1.0" encoding="UTF-8"?>
<!-- Generated by org.testng.reporters.JUnitXMLReporter -->
<testsuite ignored="0" hostname="AlexeySobolev-MBP" failures="0" tests="3" name="Default test" time="77.249" errors="0" timestamp="2024-03-20T17:06:34 CET">
  <testcase classname="tests.RZDTrainTests" name="searchTicketsJune" time="15.032"/>
  <testcase classname="tests.RZDTrainTests" name="searchTicketsJuneDirectionBack" time="14.515"/>
  <testcase classname="tests.RZDTrainTests" name="searchTicketsJuneOneDirectionA" time="31.969"/>
</testsuite> <!-- Default test -->
