<?xml version="1.0" encoding="UTF-8"?>
<testng-results ignored="0" total="2" passed="2" failed="0" skipped="0">
  <reporter-output>
  </reporter-output>
  <suite started-at="2024-03-11T13:09:36 CET" name="Surefire suite" finished-at="2024-03-11T13:10:34 CET" duration-ms="57773">
    <groups>
    </groups>
    <test started-at="2024-03-11T13:09:36 CET" name="Surefire test" finished-at="2024-03-11T13:10:34 CET" duration-ms="57773">
      <class name="tests.RZDTrainTests">
        <test-method is-config="true" signature="launchApplication()[pri:0, instance:tests.RZDTrainTests@7770f470]" started-at="2024-03-11T13:09:36 CET" name="launchApplication" finished-at="2024-03-11T13:09:41 CET" duration-ms="5111" status="PASS">
          <reporter-output>
          </reporter-output>
        </test-method> <!-- launchApplication -->
        <test-method signature="searchTicketsActual()[pri:0, instance:tests.RZDTrainTests@7770f470]" started-at="2024-03-11T13:09:41 CET" name="searchTicketsActual" finished-at="2024-03-11T13:10:16 CET" duration-ms="35249" status="PASS">
          <reporter-output>
          </reporter-output>
        </test-method> <!-- searchTicketsActual -->
        <test-method is-config="true" signature="launchApplication()[pri:0, instance:tests.RZDTrainTests@7770f470]" started-at="2024-03-11T13:10:16 CET" name="launchApplication" finished-at="2024-03-11T13:10:20 CET" duration-ms="3645" status="PASS">
          <reporter-output>
          </reporter-output>
        </test-method> <!-- launchApplication -->
        <test-method signature="searchTicketsJune()[pri:0, instance:tests.RZDTrainTests@7770f470]" started-at="2024-03-11T13:10:20 CET" name="searchTicketsJune" finished-at="2024-03-11T13:10:34 CET" duration-ms="13714" status="PASS">
          <reporter-output>
          </reporter-output>
        </test-method> <!-- searchTicketsJune -->
      </class> <!-- tests.RZDTrainTests -->
    </test> <!-- Surefire test -->
  </suite> <!-- Surefire suite -->
</testng-results>
