<?xml version="1.0" encoding="UTF-8"?>
<testsuite xmlns:xsi="http://www.w3.org/2001/XMLSchema-instance" xsi:noNamespaceSchemaLocation="https://maven.apache.org/surefire/maven-surefire-plugin/xsd/surefire-test-report.xsd" name="TestSuite" time="3,322.16" tests="2" errors="0" skipped="0" failures="0">
  <properties>
[...]
</properties>
  <testcase name="searchTicketsActual" classname="tests.RZDTrainTests" time="41.901"/>
  <testcase name="searchTicketsJune" classname="tests.RZDTrainTests" time="18.6"/>
</testsuite>